<?xml version="1.0" encoding="UTF-8"?>
<testng-results ignored="4" total="5" passed="1" failed="0" skipped="0">
  <reporter-output>
  </reporter-output>
  <suite started-at="2023-10-11T20:29:58 IST" name="test" finished-at="2023-10-11T20:30:24 IST" duration-ms="26897">
    <groups>
    </groups>
    <test started-at="2023-10-11T20:29:58 IST" name="TestHomePage" finished-at="2023-10-11T20:30:24 IST" duration-ms="26897">
      <class name="com.redbus.testpages.HomePageTest">
        <test-method is-config="true" signature="InitalizeExtentReport()[pri:0, instance:com.redbus.testpages.HomePageTest@1ffaf86]" started-at="2023-10-11T20:29:57 IST" name="InitalizeExtentReport" finished-at="2023-10-11T20:29:58 IST" duration-ms="354" status="PASS">
          <reporter-output>
          </reporter-output>
        </test-method> <!-- InitalizeExtentReport -->
        <test-method is-config="true" signature="getnameMethod(org.testng.ITestContext)[pri:0, instance:com.redbus.testpages.HomePageTest@1ffaf86]" started-at="2023-10-11T20:29:58 IST" name="getnameMethod" finished-at="2023-10-11T20:29:58 IST" duration-ms="22" status="PASS">
          <params>
            <param index="0">
              <value>
                <![CDATA[org.testng.TestRunner@ae73c80]]>
              </value>
            </param>
          </params>
          <reporter-output>
          </reporter-output>
        </test-method> <!-- getnameMethod -->
        <test-method is-config="true" signature="test()[pri:0, instance:com.redbus.testpages.HomePageTest@1ffaf86]" started-at="2023-10-11T20:29:58 IST" name="test" finished-at="2023-10-11T20:30:05 IST" depends-on-methods="com.redbus.base.BaseTest.getnameMethod" duration-ms="7360" status="PASS">
          <reporter-output>
          </reporter-output>
        </test-method> <!-- test -->
        <test-method signature="Home_Page_Test()[pri:0, instance:com.redbus.testpages.HomePageTest@1ffaf86]" started-at="2023-10-11T20:30:05 IST" name="Home_Page_Test" finished-at="2023-10-11T20:30:23 IST" duration-ms="18021" status="PASS">
          <reporter-output>
          </reporter-output>
        </test-method> <!-- Home_Page_Test -->
        <test-method is-config="true" signature="generateTestStatus(java.lang.reflect.Method,org.testng.ITestResult)[pri:0, instance:com.redbus.testpages.HomePageTest@1ffaf86]" started-at="2023-10-11T20:30:23 IST" name="generateTestStatus" finished-at="2023-10-11T20:30:23 IST" duration-ms="8" status="PASS">
          <params>
            <param index="0">
              <value>
                <![CDATA[public void com.redbus.testpages.HomePageTest.Home_Page_Test() throws java.lang.InterruptedException]]>
              </value>
            </param>
            <param index="1">
              <value>
                <![CDATA[[TestResult name=Home_Page_Test status=SUCCESS method=HomePageTest.Home_Page_Test()[pri:0, instance:com.redbus.testpages.HomePageTest@1ffaf86] output={null}]]]>
              </value>
            </param>
          </params>
          <reporter-output>
          </reporter-output>
        </test-method> <!-- generateTestStatus -->
        <test-method is-config="true" signature="closeBrowser()[pri:0, instance:com.redbus.testpages.HomePageTest@1ffaf86]" started-at="2023-10-11T20:30:23 IST" name="closeBrowser" finished-at="2023-10-11T20:30:24 IST" duration-ms="1429" status="PASS">
          <reporter-output>
          </reporter-output>
        </test-method> <!-- closeBrowser -->
        <test-method is-config="true" signature="generateReports()[pri:0, instance:com.redbus.testpages.HomePageTest@1ffaf86]" started-at="2023-10-11T20:30:25 IST" name="generateReports" finished-at="2023-10-11T20:30:26 IST" duration-ms="1060" status="PASS">
          <reporter-output>
          </reporter-output>
        </test-method> <!-- generateReports -->
      </class> <!-- com.redbus.testpages.HomePageTest -->
    </test> <!-- TestHomePage -->
  </suite> <!-- test -->
</testng-results>
