<?xml version="1.0" encoding="UTF-8"?>
<testng-results ignored="0" total="4" passed="4" failed="0" skipped="0">
  <reporter-output>
  </reporter-output>
  <suite started-at="2023-10-07T21:22:38 IST" name="Default suite" finished-at="2023-10-07T21:22:55 IST" duration-ms="16894">
    <groups>
    </groups>
    <test started-at="2023-10-07T21:22:38 IST" name="Default test" finished-at="2023-10-07T21:22:55 IST" duration-ms="16894">
      <class name="com.testng.datadriventesting.WikiCreateAccount">
        <test-method is-config="true" signature="startbrowser()[pri:0, instance:com.testng.datadriventesting.WikiCreateAccount@20b2475a]" started-at="2023-10-07T21:22:38 IST" name="startbrowser" finished-at="2023-10-07T21:22:44 IST" duration-ms="5718" status="PASS">
          <reporter-output>
          </reporter-output>
        </test-method> <!-- startbrowser -->
        <test-method signature="CreateAccount(java.lang.String,java.lang.String,java.lang.String,java.lang.String)[pri:0, instance:com.testng.datadriventesting.WikiCreateAccount@20b2475a]" started-at="2023-10-07T21:22:45 IST" name="CreateAccount" data-provider="testdata" finished-at="2023-10-07T21:22:48 IST" duration-ms="2596" status="PASS">
          <params>
            <param index="0">
              <value>
                <![CDATA[admin]]>
              </value>
            </param>
            <param index="1">
              <value>
                <![CDATA[admin123]]>
              </value>
            </param>
            <param index="2">
              <value>
                <![CDATA[admin123]]>
              </value>
            </param>
            <param index="3">
              <value>
                <![CDATA[a@gmail.com]]>
              </value>
            </param>
          </params>
          <reporter-output>
          </reporter-output>
        </test-method> <!-- CreateAccount -->
        <test-method signature="CreateAccount(java.lang.String,java.lang.String,java.lang.String,java.lang.String)[pri:0, instance:com.testng.datadriventesting.WikiCreateAccount@20b2475a]" started-at="2023-10-07T21:22:48 IST" name="CreateAccount" data-provider="testdata" finished-at="2023-10-07T21:22:50 IST" duration-ms="2552" status="PASS">
          <params>
            <param index="0">
              <value>
                <![CDATA[admin]]>
              </value>
            </param>
            <param index="1">
              <value>
                <![CDATA[admin123]]>
              </value>
            </param>
            <param index="2">
              <value>
                <![CDATA[admin123]]>
              </value>
            </param>
            <param index="3">
              <value>
                <![CDATA[a@gmail.com]]>
              </value>
            </param>
          </params>
          <reporter-output>
          </reporter-output>
        </test-method> <!-- CreateAccount -->
        <test-method signature="CreateAccount(java.lang.String,java.lang.String,java.lang.String,java.lang.String)[pri:0, instance:com.testng.datadriventesting.WikiCreateAccount@20b2475a]" started-at="2023-10-07T21:22:50 IST" name="CreateAccount" data-provider="testdata" finished-at="2023-10-07T21:22:53 IST" duration-ms="2513" status="PASS">
          <params>
            <param index="0">
              <value>
                <![CDATA[admin]]>
              </value>
            </param>
            <param index="1">
              <value>
                <![CDATA[admin123]]>
              </value>
            </param>
            <param index="2">
              <value>
                <![CDATA[admin123]]>
              </value>
            </param>
            <param index="3">
              <value>
                <![CDATA[a@gmail.com]]>
              </value>
            </param>
          </params>
          <reporter-output>
          </reporter-output>
        </test-method> <!-- CreateAccount -->
        <test-method signature="CreateAccount(java.lang.String,java.lang.String,java.lang.String,java.lang.String)[pri:0, instance:com.testng.datadriventesting.WikiCreateAccount@20b2475a]" started-at="2023-10-07T21:22:53 IST" name="CreateAccount" data-provider="testdata" finished-at="2023-10-07T21:22:55 IST" duration-ms="2507" status="PASS">
          <params>
            <param index="0">
              <value>
                <![CDATA[admin]]>
              </value>
            </param>
            <param index="1">
              <value>
                <![CDATA[admin123]]>
              </value>
            </param>
            <param index="2">
              <value>
                <![CDATA[admin123]]>
              </value>
            </param>
            <param index="3">
              <value>
                <![CDATA[a@gmail.com]]>
              </value>
            </param>
          </params>
          <reporter-output>
          </reporter-output>
        </test-method> <!-- CreateAccount -->
      </class> <!-- com.testng.datadriventesting.WikiCreateAccount -->
    </test> <!-- Default test -->
  </suite> <!-- Default suite -->
</testng-results>
