<?xml version="1.0" encoding="UTF-8"?>
<!-- Generated by org.testng.reporters.JUnitXMLReporter -->
<testsuite ignored="4" hostname="ASISH" failures="0" tests="1" name="TestHomePage" time="38.52" errors="0" timestamp="2023-10-11T20:02:54 IST">
  <testcase classname="com.redbus.testpages.HomePageTest" name="Home_Page_Test" time="29.62"/>
  <testcase classname="com.redbus.base.BaseTest" name="@AfterTest closeBrowser" time="0.0">
    <ignored/>
  </testcase> <!-- @AfterTest closeBrowser -->
  <testcase classname="com.redbus.base.BaseTest" name="@BeforeTest getnameMethod" time="0.0">
    <ignored/>
  </testcase> <!-- @BeforeTest getnameMethod -->
  <testcase classname="com.redbus.base.BaseTest" name="@BeforeSuite InitalizeExtentReport" time="0.0">
    <ignored/>
  </testcase> <!-- @BeforeSuite InitalizeExtentReport -->
  <testcase classname="com.redbus.base.BaseTest" name="@AfterSuite generateReports" time="0.0">
    <ignored/>
  </testcase> <!-- @AfterSuite generateReports -->
</testsuite> <!-- TestHomePage -->
