<?xml version="1.0" encoding="UTF-8"?>
<testng-results ignored="0" total="1" passed="1" failed="0" skipped="0">
  <reporter-output>
  </reporter-output>
  <suite started-at="2023-11-10T11:03:50 IST" name="Default suite" finished-at="2023-11-10T11:03:50 IST" duration-ms="107">
    <groups>
    </groups>
    <test started-at="2023-11-10T11:03:50 IST" name="Default test" finished-at="2023-11-10T11:03:50 IST" duration-ms="107">
      <class name="restassuredScripts.Log4jDemo">
        <test-method signature="method1()[pri:0, instance:restassuredScripts.Log4jDemo@2692b61e]" started-at="2023-11-10T11:03:50 IST" name="method1" finished-at="2023-11-10T11:03:50 IST" duration-ms="20" status="PASS">
          <reporter-output>
          </reporter-output>
        </test-method> <!-- method1 -->
      </class> <!-- restassuredScripts.Log4jDemo -->
    </test> <!-- Default test -->
  </suite> <!-- Default suite -->
</testng-results>
