<?xml version="1.0" encoding="UTF-8"?>
<!-- Generated by org.testng.reporters.JUnitXMLReporter -->
<testsuite ignored="4" hostname="ASISH" failures="0" tests="1" name="testcycle1" time="18.219" errors="0" timestamp="2023-10-11T17:59:04 IST">
  <testcase classname="com.redbus.testpages.BookTicketTest" name="Book_Bus_Ticket" time="11.417"/>
  <testcase classname="com.redbus.base.BaseTest" name="@AfterSuite generateReports" time="0.0">
    <ignored/>
  </testcase> <!-- @AfterSuite generateReports -->
  <testcase classname="com.redbus.base.BaseTest" name="@AfterTest closeBrowser" time="0.0">
    <ignored/>
  </testcase> <!-- @AfterTest closeBrowser -->
  <testcase classname="com.redbus.base.BaseTest" name="@BeforeSuite InitalizeExtentReport" time="0.0">
    <ignored/>
  </testcase> <!-- @BeforeSuite InitalizeExtentReport -->
  <testcase classname="com.redbus.base.BaseTest" name="@BeforeTest getnameMethod" time="0.0">
    <ignored/>
  </testcase> <!-- @BeforeTest getnameMethod -->
</testsuite> <!-- testcycle1 -->
