<?xml version="1.0" encoding="UTF-8"?>
<testng-results ignored="2" total="5" passed="3" failed="0" skipped="0">
  <reporter-output>
  </reporter-output>
  <suite started-at="2023-10-12T18:06:08 IST" name="test" finished-at="2023-10-12T18:06:12 IST" duration-ms="3808">
    <groups>
    </groups>
    <test started-at="2023-10-12T18:06:08 IST" name="TestHomePage" finished-at="2023-10-12T18:06:12 IST" duration-ms="3808">
      <class name="com.simplilearn.base.BaseTest">
        <test-method is-config="true" signature="openBrowser()[pri:0, instance:com.simplilearn.base.BaseTest@4082ba93]" started-at="2023-10-12T18:05:59 IST" name="openBrowser" finished-at="2023-10-12T18:06:08 IST" duration-ms="8562" status="PASS">
          <reporter-output>
          </reporter-output>
        </test-method> <!-- openBrowser -->
        <test-method is-config="true" signature="closeBrowser()[pri:0, instance:com.simplilearn.base.BaseTest@4082ba93]" started-at="2023-10-12T18:06:12 IST" name="closeBrowser" finished-at="2023-10-12T18:06:12 IST" duration-ms="366" status="PASS">
          <reporter-output>
          </reporter-output>
        </test-method> <!-- closeBrowser -->
      </class> <!-- com.simplilearn.base.BaseTest -->
      <class name="com.simplilearn.testpages.HomePageTest">
        <test-method signature="titleTest()[pri:49, instance:com.simplilearn.testpages.HomePageTest@7fd50002]" started-at="2023-10-12T18:06:08 IST" name="titleTest" finished-at="2023-10-12T18:06:08 IST" duration-ms="25" status="PASS">
          <reporter-output>
          </reporter-output>
        </test-method> <!-- titleTest -->
        <test-method signature="isAllCoursesTest()[pri:50, instance:com.simplilearn.testpages.HomePageTest@7fd50002]" started-at="2023-10-12T18:06:08 IST" name="isAllCoursesTest" finished-at="2023-10-12T18:06:10 IST" duration-ms="2100" status="PASS">
          <reporter-output>
          </reporter-output>
        </test-method> <!-- isAllCoursesTest -->
        <test-method signature="getAllCourses()[pri:51, instance:com.simplilearn.testpages.HomePageTest@7fd50002]" started-at="2023-10-12T18:06:10 IST" name="getAllCourses" finished-at="2023-10-12T18:06:12 IST" duration-ms="1592" status="PASS">
          <reporter-output>
          </reporter-output>
        </test-method> <!-- getAllCourses -->
      </class> <!-- com.simplilearn.testpages.HomePageTest -->
    </test> <!-- TestHomePage -->
  </suite> <!-- test -->
</testng-results>
