<?xml version="1.0" encoding="UTF-8"?>
<!-- Generated by org.testng.reporters.JUnitXMLReporter -->
<testsuite ignored="0" hostname="ASISH" failures="0" tests="4" name="Default test" time="16.894" errors="0" timestamp="2023-10-07T21:22:55 IST">
  <testcase classname="com.testng.datadriventesting.WikiCreateAccount" name="CreateAccount" time="2.596"/>
  <testcase classname="com.testng.datadriventesting.WikiCreateAccount" name="CreateAccount" time="2.552"/>
  <testcase classname="com.testng.datadriventesting.WikiCreateAccount" name="CreateAccount" time="2.513"/>
  <testcase classname="com.testng.datadriventesting.WikiCreateAccount" name="CreateAccount" time="2.507"/>
</testsuite> <!-- Default test -->
