<?xml version="1.0" encoding="UTF-8"?>
<!-- Generated by org.testng.reporters.JUnitXMLReporter -->
<testsuite ignored="2" hostname="ASISH" failures="1" tests="1" name="Test WikiPage" time="10.704" errors="0" timestamp="2023-10-07T20:01:49 IST">
  <testcase classname="com.testng.extentreport.TestClass" name="method1" time="3.351">
    <failure type="java.lang.AssertionError" message="The title of the page is not valid expected [Create account wiki] but found [Create account - Wikipedia]">
      <![CDATA[java.lang.AssertionError: The title of the page is not valid expected [Create account wiki] but found [Create account - Wikipedia]
at com.testng.extentreport.TestClass.method1(TestClass.java:21)
at java.base/java.util.ArrayList.forEach(ArrayList.java:1541)
... Removed 32 stack frames]]>
    </failure>
  </testcase> <!-- method1 -->
  <testcase classname="com.testng.extentreport.TestClass" name="method3" time="0.0">
    <ignored/>
  </testcase> <!-- method3 -->
  <testcase classname="com.testng.extentreport.TestClass" name="method2" time="0.0">
    <ignored/>
  </testcase> <!-- method2 -->
</testsuite> <!-- Test WikiPage -->
