<?xml version="1.0" encoding="UTF-8"?>
<!-- Generated by org.testng.reporters.JUnitXMLReporter -->
<testsuite ignored="2" hostname="ASISH" failures="0" tests="1" name="Test rediffPage" time="5.319" errors="0" timestamp="2023-10-07T20:01:59 IST">
  <testcase classname="com.testng.extentreport.TestClass" name="method3" time="3.66"/>
  <testcase classname="com.testng.extentreport.TestClass" name="method2" time="0.0">
    <ignored/>
  </testcase> <!-- method2 -->
  <testcase classname="com.testng.extentreport.TestClass" name="method1" time="0.0">
    <ignored/>
  </testcase> <!-- method1 -->
</testsuite> <!-- Test rediffPage -->
