<?xml version="1.0" encoding="UTF-8"?>
<!-- Generated by org.testng.reporters.JUnitXMLReporter -->
<testsuite ignored="6" hostname="ASISH" failures="0" tests="3" name="smokeTesting" time="0.098" errors="0" timestamp="2023-10-05T21:26:27 IST">
  <testcase classname="com.testng.groups.Sample1" name="openapp" time="0.013"/>
  <testcase classname="com.testng.groups.Sample2" name="opentheAccountPage" time="0.001"/>
  <testcase classname="com.testng.groups.Sample2" name="Logout" time="0.002"/>
  <testcase classname="com.testng.groups.Sample2" name="Accounts" time="0.0">
    <ignored/>
  </testcase> <!-- Accounts -->
  <testcase classname="com.testng.groups.Sample1" name="loginwithInvaliddata" time="0.0">
    <ignored/>
  </testcase> <!-- loginwithInvaliddata -->
  <testcase classname="com.testng.groups.Sample2" name="login" time="0.0">
    <ignored/>
  </testcase> <!-- login -->
  <testcase classname="com.testng.groups.Sample1" name="loginSample1" time="0.0">
    <ignored/>
  </testcase> <!-- loginSample1 -->
  <testcase classname="com.testng.groups.Sample1" name="loginwithWrongpassword" time="0.0">
    <ignored/>
  </testcase> <!-- loginwithWrongpassword -->
  <testcase classname="com.testng.groups.Sample2" name="createAccount" time="0.0">
    <ignored/>
  </testcase> <!-- createAccount -->
</testsuite> <!-- smokeTesting -->
