<?xml version="1.0" encoding="UTF-8"?>
<!-- Generated by org.testng.reporters.JUnitXMLReporter -->
<testsuite ignored="2" hostname="ASISH" failures="0" tests="3" name="TestHomePage" time="3.808" errors="0" timestamp="2023-10-12T18:06:12 IST">
  <testcase classname="com.simplilearn.testpages.HomePageTest" name="titleTest" time="0.025"/>
  <testcase classname="com.simplilearn.testpages.HomePageTest" name="isAllCoursesTest" time="2.1"/>
  <testcase classname="com.simplilearn.testpages.HomePageTest" name="getAllCourses" time="1.592"/>
  <testcase classname="com.simplilearn.base.BaseTest" name="@BeforeSuite openBrowser" time="0.0">
    <ignored/>
  </testcase> <!-- @BeforeSuite openBrowser -->
  <testcase classname="com.simplilearn.base.BaseTest" name="@AfterSuite closeBrowser" time="0.0">
    <ignored/>
  </testcase> <!-- @AfterSuite closeBrowser -->
</testsuite> <!-- TestHomePage -->
