<?xml version="1.0" encoding="UTF-8"?>
<!-- Generated by org.testng.reporters.JUnitXMLReporter -->
<testsuite ignored="0" hostname="ASISH" failures="0" tests="4" name="testcycle1" time="35.33" errors="0" timestamp="2023-10-07T18:34:32 IST">
  <testcase classname="com.testng.paralleltesting.ParallelTestDemo" name="wikiPage" time="12.389"/>
  <testcase classname="com.testng.paralleltesting.ParallelTestDemo" name="wikiPage2" time="7.814"/>
  <testcase classname="com.testng.paralleltesting.ParallelTestDemo" name="ninjaPage" time="9.492"/>
  <testcase classname="com.testng.paralleltesting.ParallelTestDemo" name="ninjaPage2" time="5.533"/>
</testsuite> <!-- testcycle1 -->
