<?xml version="1.0" encoding="UTF-8"?>
<testng-results ignored="4" total="5" passed="1" failed="0" skipped="0">
  <reporter-output>
  </reporter-output>
  <suite started-at="2023-10-11T21:01:12 IST" name="test" finished-at="2023-10-11T21:01:42 IST" duration-ms="30357">
    <groups>
    </groups>
    <test started-at="2023-10-11T21:01:12 IST" name="TestHomePage" finished-at="2023-10-11T21:01:42 IST" duration-ms="30357">
      <class name="com.redbus.testpages.HomePageTest">
        <test-method is-config="true" signature="InitalizeExtentReport()[pri:0, instance:com.redbus.testpages.HomePageTest@480d3575]" started-at="2023-10-11T21:01:11 IST" name="InitalizeExtentReport" finished-at="2023-10-11T21:01:12 IST" duration-ms="367" status="PASS">
          <reporter-output>
          </reporter-output>
        </test-method> <!-- InitalizeExtentReport -->
        <test-method is-config="true" signature="getnameMethod(org.testng.ITestContext)[pri:0, instance:com.redbus.testpages.HomePageTest@480d3575]" started-at="2023-10-11T21:01:12 IST" name="getnameMethod" finished-at="2023-10-11T21:01:12 IST" duration-ms="24" status="PASS">
          <params>
            <param index="0">
              <value>
                <![CDATA[org.testng.TestRunner@7102ac3e]]>
              </value>
            </param>
          </params>
          <reporter-output>
          </reporter-output>
        </test-method> <!-- getnameMethod -->
        <test-method is-config="true" signature="test()[pri:0, instance:com.redbus.testpages.HomePageTest@480d3575]" started-at="2023-10-11T21:01:12 IST" name="test" finished-at="2023-10-11T21:01:17 IST" depends-on-methods="com.redbus.base.BaseTest.getnameMethod" duration-ms="5488" status="PASS">
          <reporter-output>
          </reporter-output>
        </test-method> <!-- test -->
        <test-method signature="Home_Page_Test()[pri:0, instance:com.redbus.testpages.HomePageTest@480d3575]" started-at="2023-10-11T21:01:17 IST" name="Home_Page_Test" finished-at="2023-10-11T21:01:41 IST" duration-ms="23318" status="PASS">
          <reporter-output>
          </reporter-output>
        </test-method> <!-- Home_Page_Test -->
        <test-method is-config="true" signature="generateTestStatus(java.lang.reflect.Method,org.testng.ITestResult)[pri:0, instance:com.redbus.testpages.HomePageTest@480d3575]" started-at="2023-10-11T21:01:41 IST" name="generateTestStatus" finished-at="2023-10-11T21:01:41 IST" duration-ms="10" status="PASS">
          <params>
            <param index="0">
              <value>
                <![CDATA[public void com.redbus.testpages.HomePageTest.Home_Page_Test() throws java.lang.InterruptedException]]>
              </value>
            </param>
            <param index="1">
              <value>
                <![CDATA[[TestResult name=Home_Page_Test status=SUCCESS method=HomePageTest.Home_Page_Test()[pri:0, instance:com.redbus.testpages.HomePageTest@480d3575] output={null}]]]>
              </value>
            </param>
          </params>
          <reporter-output>
          </reporter-output>
        </test-method> <!-- generateTestStatus -->
        <test-method is-config="true" signature="closeBrowser()[pri:0, instance:com.redbus.testpages.HomePageTest@480d3575]" started-at="2023-10-11T21:01:41 IST" name="closeBrowser" finished-at="2023-10-11T21:01:42 IST" duration-ms="1463" status="PASS">
          <reporter-output>
          </reporter-output>
        </test-method> <!-- closeBrowser -->
        <test-method is-config="true" signature="generateReports()[pri:0, instance:com.redbus.testpages.HomePageTest@480d3575]" started-at="2023-10-11T21:01:42 IST" name="generateReports" finished-at="2023-10-11T21:01:44 IST" duration-ms="1524" status="PASS">
          <reporter-output>
          </reporter-output>
        </test-method> <!-- generateReports -->
      </class> <!-- com.redbus.testpages.HomePageTest -->
    </test> <!-- TestHomePage -->
  </suite> <!-- test -->
</testng-results>
