<?xml version="1.0" encoding="UTF-8"?>
<!-- Generated by org.testng.reporters.JUnitXMLReporter -->
<testsuite ignored="0" hostname="ASISH" failures="0" tests="3" name="Default test" time="7.722" errors="0" timestamp="2023-10-12T16:38:03 IST">
  <testcase classname="com.simplilearn.testpages.HomePageTest" name="titleTest" time="0.011"/>
  <testcase classname="com.simplilearn.testpages.HomePageTest" name="isAllCoursesTest" time="2.084"/>
  <testcase classname="com.simplilearn.testpages.HomePageTest" name="getAllCourses" time="5.566"/>
</testsuite> <!-- Default test -->
